<?xml version="1.0" encoding="UTF-8"?>
<!-- Generated by org.testng.reporters.JUnitReportReporter -->
<testsuite skipped="0" hostname="CTAADPG02J8JZ" name="Com.Framework.Selenium.V1.TestCase1" tests="1" failures="0" timestamp="2023-01-31T16:14:21 IST" time="21.057" errors="0">
  <testcase name="Registration" time="21.057" classname="Com.Framework.Selenium.V1.TestCase1"/>
  <system-out/>
</testsuite> <!-- Com.Framework.Selenium.V1.TestCase1 -->
