<?xml version="1.0" encoding="UTF-8"?>
<!-- Generated by org.testng.reporters.JUnitReportReporter -->
<testsuite skipped="0" hostname="CTAADPG02J8JZ" name="Com.Framework.Selenium.V1.TestCase1" tests="1" failures="0" timestamp="2023-02-03T01:04:07 IST" time="21.027" errors="0">
  <testcase name="RegistrationIDalreadyexist" time="21.027" classname="Com.Framework.Selenium.V1.TestCase1"/>
  <system-out/>
</testsuite> <!-- Com.Framework.Selenium.V1.TestCase1 -->
